<?xml version="1.0" encoding="UTF-8"?>
<testng-results skipped="0" failed="0" ignored="0" total="1" passed="1">
  <reporter-output>
  </reporter-output>
  <suite name="Default suite" duration-ms="12440" started-at="2018-08-08T04:19:02Z" finished-at="2018-08-08T04:19:14Z">
    <groups>
    </groups>
    <test name="Default test" duration-ms="12440" started-at="2018-08-08T04:19:02Z" finished-at="2018-08-08T04:19:14Z">
      <class name="student.Maven.TestScript">
        <test-method status="PASS" signature="setUp()[pri:0, instance:student.Maven.TestScript@d62f43]" name="setUp" is-config="true" duration-ms="6524" started-at="2018-08-08T04:19:02Z" finished-at="2018-08-08T04:19:09Z">
          <reporter-output>
          </reporter-output>
        </test-method> <!-- setUp -->
        <test-method status="PASS" signature="checkGoogle()[pri:0, instance:student.Maven.TestScript@d62f43]" name="checkGoogle" duration-ms="3348" started-at="2018-08-08T04:19:09Z" finished-at="2018-08-08T04:19:12Z">
          <reporter-output>
          </reporter-output>
        </test-method> <!-- checkGoogle -->
        <test-method status="PASS" signature="tearDown()[pri:0, instance:student.Maven.TestScript@d62f43]" name="tearDown" is-config="true" duration-ms="2447" started-at="2018-08-08T04:19:12Z" finished-at="2018-08-08T04:19:14Z">
          <reporter-output>
          </reporter-output>
        </test-method> <!-- tearDown -->
      </class> <!-- student.Maven.TestScript -->
    </test> <!-- Default test -->
  </suite> <!-- Default suite -->
</testng-results>
